<?xml version="1.0" encoding="UTF-8"?>
<!-- Generated by org.testng.reporters.JUnitXMLReporter -->
<testsuite ignored="4" hostname="LAPTOP-9896HFUG" failures="2" tests="3" name="Test 1" time="33.248" errors="0" timestamp="2021-09-18T20:28:16 IST">
  <testcase classname="testcases.Commerce.roles_Customer" name="log3" time="20.569"/>
  <testcase classname="testcases.Commerce.LOGIN_Customer" name="log2" time="0.018">
    <failure type="java.lang.NullPointerException" message="Cannot invoke &amp;quot;org.apache.log4j.Logger.info(Object)&amp;quot; because &amp;quot;this.logger&amp;quot; is null">
      <![CDATA[java.lang.NullPointerException: Cannot invoke "org.apache.log4j.Logger.info(Object)" because "this.logger" is null
at testcases.Commerce.LOGIN_Customer.log2(LOGIN_Customer.java:33)
at java.base/java.util.ArrayList.forEach(ArrayList.java:1511)
... Removed 27 stack frames]]>
    </failure>
  </testcase> <!-- log2 -->
  <testcase classname="testcases.Commerce.DDDRIVEN" name="log" time="1.353">
    <failure type="java.lang.NullPointerException" message="Cannot invoke &amp;quot;org.apache.log4j.Logger.info(Object)&amp;quot; because &amp;quot;this.logger&amp;quot; is null">
      <![CDATA[java.lang.NullPointerException: Cannot invoke "org.apache.log4j.Logger.info(Object)" because "this.logger" is null
at testcases.Commerce.DDDRIVEN.log(DDDRIVEN.java:43)
at java.base/java.util.ArrayList.forEach(ArrayList.java:1511)
... Removed 27 stack frames]]>
    </failure>
  </testcase> <!-- log -->
  <testcase classname="resorces.Commerce.Base" name="@AfterTest teaddown" time="0.0">
    <ignored/>
  </testcase> <!-- @AfterTest teaddown -->
  <testcase classname="resorces.Commerce.Base" name="@AfterTest teaddown" time="0.0">
    <ignored/>
  </testcase> <!-- @AfterTest teaddown -->
  <testcase classname="resorces.Commerce.Base" name="@BeforeTest initializeDriver" time="0.0">
    <ignored/>
  </testcase> <!-- @BeforeTest initializeDriver -->
  <testcase classname="resorces.Commerce.Base" name="@BeforeTest initializeDriver" time="0.0">
    <ignored/>
  </testcase> <!-- @BeforeTest initializeDriver -->
</testsuite> <!-- Test 1 -->
