<?xml version="1.0" encoding="UTF-8"?>
<!-- Generated by org.testng.reporters.JUnitXMLReporter -->
<testsuite ignored="2" hostname="LAPTOP-9896HFUG" failures="1" tests="2" name="Test" time="31.56" errors="0" timestamp="2021-09-18T13:25:58 IST">
  <testcase classname="testcases.Commerce.roles_Customer" name="log" time="21.714"/>
  <testcase classname="testcases.Commerce.LOGIN_Customer" name="log" time="0.003">
    <failure type="java.lang.NullPointerException" message="Cannot invoke &amp;quot;org.apache.log4j.Logger.info(Object)&amp;quot; because &amp;quot;this.logger&amp;quot; is null">
      <![CDATA[java.lang.NullPointerException: Cannot invoke "org.apache.log4j.Logger.info(Object)" because "this.logger" is null
at testcases.Commerce.LOGIN_Customer.log(LOGIN_Customer.java:33)
at java.base/java.util.ArrayList.forEach(ArrayList.java:1511)
... Removed 27 stack frames]]>
    </failure>
  </testcase> <!-- log -->
  <testcase classname="resorces.Commerce.Base" name="@AfterTest teaddown" time="0.0">
    <ignored/>
  </testcase> <!-- @AfterTest teaddown -->
  <testcase classname="resorces.Commerce.Base" name="@BeforeTest initializeDriver" time="0.0">
    <ignored/>
  </testcase> <!-- @BeforeTest initializeDriver -->
</testsuite> <!-- Test -->
